<?xml version="1.0" encoding="UTF-8"?>
<!-- Generated by org.testng.reporters.JUnitReportReporter -->
<testsuite skipped="0" hostname="SuryaPC" name="in.srssprojects.keximbank.BasicExecution" tests="7" failures="0" timestamp="02 Apr 2019 13:48:06 GMT" time="57.549" errors="0">
  <testcase name="loginWithValidData" time="2.827" classname="in.srssprojects.keximbank.BasicExecution"/>
  <testcase name="employeeCreationWithMultipleDataUsingDataprovider" time="10.797" classname="in.srssprojects.keximbank.BasicExecution"/>
  <testcase name="employeeCreationWithMultipleDataUsingDataprovider" time="12.478" classname="in.srssprojects.keximbank.BasicExecution"/>
  <testcase name="employeeCreationWithMultipleDataUsingDataprovider" time="9.210" classname="in.srssprojects.keximbank.BasicExecution"/>
  <testcase name="employeeCreationWithMultipleDataUsingDataprovider" time="4.804" classname="in.srssprojects.keximbank.BasicExecution"/>
  <testcase name="employeeCreationWithMultipleDataUsingDataprovider" time="10.459" classname="in.srssprojects.keximbank.BasicExecution"/>
  <testcase name="employeeCreationWithMultipleDataUsingDataprovider" time="6.974" classname="in.srssprojects.keximbank.BasicExecution"/>
</testsuite> <!-- in.srssprojects.keximbank.BasicExecution -->
